19-Jun-25 9:29:55 AM	This log contains information about the import schema operation into project 'SqlPipeline' on computer 'LAPTOP-NHB1HDFK' by user 'saifc'.
19-Jun-25 9:29:55 AM	Import of database schema has started.
19-Jun-25 9:30:02 AM	Gathering database credentials
19-Jun-25 9:30:02 AM	Gathering database options
19-Jun-25 9:30:02 AM	Gathering generic database scoped configuration option
19-Jun-25 9:30:02 AM	Gathering users
19-Jun-25 9:30:02 AM	Gathering roles
19-Jun-25 9:30:02 AM	Gathering application roles
19-Jun-25 9:30:02 AM	Gathering role memberships
19-Jun-25 9:30:02 AM	Gathering filegroups
19-Jun-25 9:30:02 AM	Gathering full-text catalogs
19-Jun-25 9:30:02 AM	Gathering assemblies
19-Jun-25 9:30:02 AM	Gathering certificates
19-Jun-25 9:30:02 AM	Gathering asymmetric keys
19-Jun-25 9:30:02 AM	Gathering symmetric keys
19-Jun-25 9:30:02 AM	Gathering encrypted symmetric keys
19-Jun-25 9:30:02 AM	Gathering schemas
19-Jun-25 9:30:02 AM	Gathering XML schema collections
19-Jun-25 9:30:02 AM	Gathering user-defined data types
19-Jun-25 9:30:02 AM	Gathering user-defined types
19-Jun-25 9:30:02 AM	Gathering table types
19-Jun-25 9:30:02 AM	Gathering unique keys for table types
19-Jun-25 9:30:02 AM	Gathering primary keys for table types
19-Jun-25 9:30:02 AM	Gathering indexes for table types
19-Jun-25 9:30:02 AM	Gathering check constraints for table types
19-Jun-25 9:30:02 AM	Gathering default constraints for table types
19-Jun-25 9:30:02 AM	Gathering partition functions
19-Jun-25 9:30:02 AM	Gathering partition schemes
19-Jun-25 9:30:02 AM	Gathering functions
19-Jun-25 9:30:02 AM	Gathering encrypted functions
19-Jun-25 9:30:02 AM	Gathering aggregates
19-Jun-25 9:30:02 AM	Gathering procedures
19-Jun-25 9:30:02 AM	Gathering encrypted procedures
19-Jun-25 9:30:02 AM	Gathering tables
19-Jun-25 9:30:02 AM	Gathering primary keys
19-Jun-25 9:30:02 AM	Gathering unique constraints
19-Jun-25 9:30:02 AM	Gathering foreign keys
19-Jun-25 9:30:02 AM	Gathering default constraints
19-Jun-25 9:30:02 AM	Gathering check constraints
19-Jun-25 9:30:02 AM	Gathering views
19-Jun-25 9:30:02 AM	Gathering encrypted views
19-Jun-25 9:30:02 AM	Gathering indexes
19-Jun-25 9:30:02 AM	Gathering statistics
19-Jun-25 9:30:02 AM	Gathering full-text index stoplists
19-Jun-25 9:30:02 AM	Gathering search property lists
19-Jun-25 9:30:02 AM	Gathering search properties
19-Jun-25 9:30:02 AM	Gathering full-text indexes
19-Jun-25 9:30:02 AM	Gathering column store indexes
19-Jun-25 9:30:02 AM	Gathering spatial indexes
19-Jun-25 9:30:02 AM	Gathering XML indexes
19-Jun-25 9:30:02 AM	Gathering Selective XML indexes
19-Jun-25 9:30:02 AM	Gathering encrypted triggers
19-Jun-25 9:30:02 AM	Gathering triggers
19-Jun-25 9:30:02 AM	Gathering encrypted and clr ddl triggers
19-Jun-25 9:30:02 AM	Gathering ddl triggers
19-Jun-25 9:30:02 AM	Creating edge constraints
19-Jun-25 9:30:02 AM	Gathering synonyms
19-Jun-25 9:30:02 AM	Gathering defaults
19-Jun-25 9:30:02 AM	Gathering data constraint uddt bindings
19-Jun-25 9:30:02 AM	Gathering rules
19-Jun-25 9:30:02 AM	Gathering data constraint uddt bindings
19-Jun-25 9:30:02 AM	Gathering message types
19-Jun-25 9:30:02 AM	Gathering queues
19-Jun-25 9:30:02 AM	Gathering contracts
19-Jun-25 9:30:02 AM	Gathering services
19-Jun-25 9:30:02 AM	Gathering event notifications
19-Jun-25 9:30:02 AM	Gathering remote service bindings
19-Jun-25 9:30:02 AM	Gathering broker priorities
19-Jun-25 9:30:02 AM	Gathering signatures
19-Jun-25 9:30:02 AM	Gathering compression options
19-Jun-25 9:30:02 AM	Gathering sequence types
19-Jun-25 9:30:02 AM	Gathering security policies
19-Jun-25 9:30:02 AM	Gather column encryption keys
19-Jun-25 9:30:02 AM	Gathering column master keys
19-Jun-25 9:30:02 AM	Gathering external data sources
19-Jun-25 9:30:02 AM	Gathering external file formats
19-Jun-25 9:30:02 AM	Gathering external tables
19-Jun-25 9:30:02 AM	Gathering XML index compression options
19-Jun-25 9:30:02 AM	Gathering extended properties
19-Jun-25 9:30:02 AM	Gathering assemblies
19-Jun-25 9:30:02 AM	Gathering credentials
19-Jun-25 9:30:02 AM	Gathering logins
19-Jun-25 9:30:02 AM	Gathering server audits
19-Jun-25 9:30:02 AM	Finished importing database.
19-Jun-25 9:30:02 AM	A summary of the import was saved to the following location: C:\Users\saifc\source\repos\SqlPipeline\SqlPipeline\Import Schema Logs\SqlPipeline_20250619042955.log
19-Jun-25 9:30:02 AM	Click Finish to continue...
